[2023-11-28 10:42:12] This is codeql database create reuni --language=java
[2023-11-28 10:42:12] Log file was started late.
[2023-11-28 10:42:12] [PROGRESS] database create> Initializing database at C:\git\put-reunice-platform\backend\reuni.
[2023-11-28 10:42:12] Running plumbing command: codeql database init --language=java --extractor-options-verbosity=1 --qlconfig-file=C:\git\put-reunice-platform\backend\qlconfig.yml --source-root=C:\git\put-reunice-platform\backend --allow-missing-source-root=false --allow-already-existing -- C:\git\put-reunice-platform\backend\reuni
[2023-11-28 10:42:12] Calling plumbing command: codeql resolve languages --extractor-options-verbosity=1 --format=betterjson
[2023-11-28 10:42:12] [DETAILS] resolve languages> Scanning for [codeql-extractor.yml] from C:\Users\kokotadrian\Downloads\codeql\.codeqlmanifest.json
[2023-11-28 10:42:12] [DETAILS] resolve languages> Parsing C:\Users\kokotadrian\Downloads\codeql\cpp\codeql-extractor.yml.
[2023-11-28 10:42:12] [DETAILS] resolve languages> Parsing C:\Users\kokotadrian\Downloads\codeql\csharp\codeql-extractor.yml.
[2023-11-28 10:42:12] [DETAILS] resolve languages> Parsing C:\Users\kokotadrian\Downloads\codeql\csv\codeql-extractor.yml.
[2023-11-28 10:42:12] [DETAILS] resolve languages> Parsing C:\Users\kokotadrian\Downloads\codeql\go\codeql-extractor.yml.
[2023-11-28 10:42:12] [DETAILS] resolve languages> Parsing C:\Users\kokotadrian\Downloads\codeql\html\codeql-extractor.yml.
[2023-11-28 10:42:12] [DETAILS] resolve languages> Parsing C:\Users\kokotadrian\Downloads\codeql\java\codeql-extractor.yml.
[2023-11-28 10:42:12] [DETAILS] resolve languages> Parsing C:\Users\kokotadrian\Downloads\codeql\javascript\codeql-extractor.yml.
[2023-11-28 10:42:12] [DETAILS] resolve languages> Parsing C:\Users\kokotadrian\Downloads\codeql\properties\codeql-extractor.yml.
[2023-11-28 10:42:12] [DETAILS] resolve languages> Parsing C:\Users\kokotadrian\Downloads\codeql\python\codeql-extractor.yml.
[2023-11-28 10:42:12] [DETAILS] resolve languages> Parsing C:\Users\kokotadrian\Downloads\codeql\ruby\codeql-extractor.yml.
[2023-11-28 10:42:12] [DETAILS] resolve languages> Parsing C:\Users\kokotadrian\Downloads\codeql\swift\codeql-extractor.yml.
[2023-11-28 10:42:12] [DETAILS] resolve languages> Parsing C:\Users\kokotadrian\Downloads\codeql\xml\codeql-extractor.yml.
[2023-11-28 10:42:12] [DETAILS] resolve languages> Parsing C:\Users\kokotadrian\Downloads\codeql\yaml\codeql-extractor.yml.
[2023-11-28 10:42:12] Plumbing command codeql resolve languages completed:
                      {
                        "aliases" : {
                          "c" : "cpp",
                          "c++" : "cpp",
                          "c-c++" : "cpp",
                          "c-cpp" : "cpp",
                          "c#" : "csharp",
                          "java-kotlin" : "java",
                          "kotlin" : "java",
                          "javascript-typescript" : "javascript",
                          "typescript" : "javascript"
                        },
                        "extractors" : {
                          "cpp" : [
                            {
                              "extractor_root" : "C:\\Users\\kokotadrian\\Downloads\\codeql\\cpp"
                            }
                          ],
                          "csharp" : [
                            {
                              "extractor_root" : "C:\\Users\\kokotadrian\\Downloads\\codeql\\csharp",
                              "extractor_options" : {
                                "trap" : {
                                  "title" : "Options pertaining to TRAP.",
                                  "description" : "Options pertaining to TRAP.",
                                  "type" : "object",
                                  "properties" : {
                                    "compression" : {
                                      "title" : "Controls compression for the TRAP files written by the extractor.",
                                      "description" : "This option is only intended for use in debugging the extractor. Accepted values are 'brotli' (the default, to write brotli-compressed TRAP), 'gzip', and 'none' (to write uncompressed TRAP).\n",
                                      "type" : "string",
                                      "pattern" : "^(none|gzip|brotli)$"
                                    }
                                  }
                                },
                                "buildless" : {
                                  "title" : "Whether to use buildless (standalone) extraction.",
                                  "description" : "A value indicating, which type of extraction the autobuilder should perform. If 'true', then the standalone extractor will be used, otherwise tracing extraction will be performed. The default is 'false'. Note that buildless extraction will generally yield less accurate analysis results, and should only be used in cases where it is not possible to build the code (for example if it uses inaccessible dependencies).\n",
                                  "type" : "string",
                                  "pattern" : "^(false|true)$"
                                },
                                "cil" : {
                                  "title" : "Whether to enable CIL extraction.",
                                  "description" : "A value indicating, whether CIL extraction should be enabled. The default is 'true'.\n",
                                  "type" : "string",
                                  "pattern" : "^(false|true)$"
                                }
                              }
                            }
                          ],
                          "csv" : [
                            {
                              "extractor_root" : "C:\\Users\\kokotadrian\\Downloads\\codeql\\csv"
                            }
                          ],
                          "go" : [
                            {
                              "extractor_root" : "C:\\Users\\kokotadrian\\Downloads\\codeql\\go"
                            }
                          ],
                          "html" : [
                            {
                              "extractor_root" : "C:\\Users\\kokotadrian\\Downloads\\codeql\\html"
                            }
                          ],
                          "java" : [
                            {
                              "extractor_root" : "C:\\Users\\kokotadrian\\Downloads\\codeql\\java",
                              "extractor_options" : {
                                "exclude" : {
                                  "title" : "A glob excluding files from analysis.",
                                  "description" : "A glob indicating what files to exclude from the analysis.\n",
                                  "type" : "string"
                                },
                                "add_prefer_source" : {
                                  "title" : "Whether to always prefer source files over class files.",
                                  "description" : "A value indicating whether source files should be preferred over class files. If set to 'true', the extraction adds '-Xprefer:source' to the javac command line. If set to 'false', the extraction uses the default javac behavior ('-Xprefer:newer'). The default is 'true'.\n",
                                  "type" : "string",
                                  "pattern" : "^(false|true)$"
                                },
                                "buildless" : {
                                  "title" : "Whether to use buildless (standalone) extraction (experimental).",
                                  "description" : "A value indicating, which type of extraction the autobuilder should perform. If 'true', then the standalone extractor will be used, otherwise tracing extraction will be performed. The default is 'false'. Note that buildless extraction will generally yield less accurate analysis results, and should only be used in cases where it is not possible to build the code (for example if it uses inaccessible dependencies).\n",
                                  "type" : "string",
                                  "pattern" : "^(false|true)$"
                                }
                              }
                            }
                          ],
                          "javascript" : [
                            {
                              "extractor_root" : "C:\\Users\\kokotadrian\\Downloads\\codeql\\javascript",
                              "extractor_options" : { }
                            }
                          ],
                          "properties" : [
                            {
                              "extractor_root" : "C:\\Users\\kokotadrian\\Downloads\\codeql\\properties"
                            }
                          ],
                          "python" : [
                            {
                              "extractor_root" : "C:\\Users\\kokotadrian\\Downloads\\codeql\\python",
                              "extractor_options" : {
                                "logging" : {
                                  "title" : "Options pertaining to logging.",
                                  "description" : "Options pertaining to logging.",
                                  "type" : "object",
                                  "properties" : {
                                    "verbosity" : {
                                      "title" : "Python extractor logging verbosity level.",
                                      "description" : "Controls the level of verbosity of the CodeQL Python extractor.\nThe supported levels are (in order of increasing verbosity):\n\n  - off\n  - errors\n  - warnings\n  - info or progress\n  - debug or progress+\n  - trace or progress++\n  - progress+++\n",
                                      "type" : "string",
                                      "pattern" : "^(off|errors|warnings|(info|progress)|(debug|progress\\+)|(trace|progress\\+\\+)|progress\\+\\+\\+)$"
                                    }
                                  }
                                }
                              }
                            }
                          ],
                          "ruby" : [
                            {
                              "extractor_root" : "C:\\Users\\kokotadrian\\Downloads\\codeql\\ruby",
                              "extractor_options" : {
                                "trap" : {
                                  "title" : "Options pertaining to TRAP.",
                                  "description" : "Options pertaining to TRAP.",
                                  "type" : "object",
                                  "properties" : {
                                    "compression" : {
                                      "title" : "Controls compression for the TRAP files written by the extractor.",
                                      "description" : "This option is only intended for use in debugging the extractor. Accepted values are 'gzip' (the default, to write gzip-compressed TRAP) and 'none' (to write uncompressed TRAP).\n",
                                      "type" : "string",
                                      "pattern" : "^(none|gzip)$"
                                    }
                                  }
                                }
                              }
                            }
                          ],
                          "swift" : [
                            {
                              "extractor_root" : "C:\\Users\\kokotadrian\\Downloads\\codeql\\swift"
                            }
                          ],
                          "xml" : [
                            {
                              "extractor_root" : "C:\\Users\\kokotadrian\\Downloads\\codeql\\xml"
                            }
                          ],
                          "yaml" : [
                            {
                              "extractor_root" : "C:\\Users\\kokotadrian\\Downloads\\codeql\\yaml"
                            }
                          ]
                        }
                      }
[2023-11-28 10:42:12] [PROGRESS] database init> Calculating baseline information in C:\git\put-reunice-platform\backend
[2023-11-28 10:42:12] [SPAMMY] database init> Ignoring the following directories when processing baseline information: .git, .hg, .svn.
[2023-11-28 10:42:12] [DETAILS] database init> Running command in C:\git\put-reunice-platform\backend: C:\Users\kokotadrian\Downloads\codeql\tools\win64\scc.exe --by-file --exclude-dir .git,.hg,.svn --format json --no-large --no-min .
[2023-11-28 10:42:12] [SPAMMY] database init> Found 129 baseline files for java.
[2023-11-28 10:42:12] [PROGRESS] database init> Calculated baseline information for languages: java (286ms).
[2023-11-28 10:42:12] [PROGRESS] database init> Resolving extractor java.
[2023-11-28 10:42:12] [DETAILS] database init> Found candidate extractor root for java: C:\Users\kokotadrian\Downloads\codeql\java.
[2023-11-28 10:42:12] [PROGRESS] database init> Successfully loaded extractor Java/Kotlin (java) from C:\Users\kokotadrian\Downloads\codeql\java.
[2023-11-28 10:42:12] [PROGRESS] database init> Created skeleton CodeQL database at C:\git\put-reunice-platform\backend\reuni. This in-progress database is ready to be populated by an extractor.
[2023-11-28 10:42:12] Plumbing command codeql database init completed.
[2023-11-28 10:42:12] Using autobuild script C:\Users\kokotadrian\Downloads\codeql\java\tools\autobuild.cmd.
[2023-11-28 10:42:12] [DETAILS] database create> Detected autobuild command for Java/Kotlin: C:\Users\kokotadrian\Downloads\codeql\java\tools\autobuild.cmd.
[2023-11-28 10:42:12] [PROGRESS] database create> Running build command: [C:\Users\kokotadrian\Downloads\codeql\java\tools\autobuild.cmd]
[2023-11-28 10:42:12] Running plumbing command: codeql database trace-command --working-dir=C:\git\put-reunice-platform\backend --index-traceless-dbs --no-db-cluster -- C:\git\put-reunice-platform\backend\reuni C:\Users\kokotadrian\Downloads\codeql\java\tools\autobuild.cmd
[2023-11-28 10:42:12] [PROGRESS] database trace-command> Running command in C:\git\put-reunice-platform\backend: [C:\Users\kokotadrian\Downloads\codeql\java\tools\autobuild.cmd]
[2023-11-28 10:42:13] [build-stdout] [2023-11-28 10:42:13] Build directory is .
[2023-11-28 10:42:13] [build-stdout] [2023-11-28 10:42:13] [autobuild] > C:\git\put-reunice-platform\backend\.\mvnw.cmd clean package -f pom.xml -B -V -e -Dfindbugs.skip -Dcheckstyle.skip -Dpmd.skip=true -Dspotbugs.skip -Denforcer.skip -Dmaven.javadoc.skip -DskipTests -Dmaven.test.skip.exec -Dlicense.skip=true -Drat.skip=true -Dspotless.check.skip=true
[2023-11-28 10:42:14] [build-stdout] [2023-11-28 10:42:14] [autobuild] Error: JAVA_HOME not found in your environment. 
[2023-11-28 10:42:14] [build-stdout] [2023-11-28 10:42:14] [autobuild] Please set the JAVA_HOME variable in your environment to match the 
[2023-11-28 10:42:14] [build-stdout] [2023-11-28 10:42:14] [autobuild] location of your Java installation. 
[2023-11-28 10:42:14] [build-stdout] [2023-11-28 10:42:14] [ERROR] Spawned process exited abnormally (code 1; tried to run: [C:\Users\kokotadrian\Downloads\codeql\tools\win64\runner.exe, cmd.exe, /C, type, NUL, &&, C:\git\put-reunice-platform\backend\.\mvnw.cmd, clean, package, -f, pom.xml, -B, -V, -e, -Dfindbugs.skip, -Dcheckstyle.skip, -Dpmd.skip=true, -Dspotbugs.skip, -Denforcer.skip, -Dmaven.javadoc.skip, -DskipTests, -Dmaven.test.skip.exec, -Dlicense.skip=true, -Drat.skip=true, -Dspotless.check.skip=true])
[2023-11-28 10:42:14] [ERROR] Spawned process exited abnormally (code 1; tried to run: [C:\Users\kokotadrian\Downloads\codeql\tools\win64\tracer.exe, C:\Users\kokotadrian\Downloads\codeql\tools\win64\runner.exe, cmd.exe, /C, type, NUL, &&, C:\Users\kokotadrian\Downloads\codeql\java\tools\autobuild.cmd])
[2023-11-28 10:42:14] Exception caught at top level: Exit status 1 from command: [C:\Users\kokotadrian\Downloads\codeql\tools\win64\runner.exe, cmd.exe, /C, type, NUL, &&, C:\Users\kokotadrian\Downloads\codeql\java\tools\autobuild.cmd]
                      com.semmle.cli2.Commandline.executeAndCheckResult(Commandline.java:170)
                      com.semmle.cli2.Commandline.runWithoutReturn(Commandline.java:123)
                      com.semmle.cli2.database.DatabaseProcessCommandCommon.executeSubcommand(DatabaseProcessCommandCommon.java:226)
                      com.semmle.cli2.database.TraceCommandCommand.executeSubcommand(TraceCommandCommand.java:110)
                      com.semmle.cli2.picocli.SubcommandCommon.lambda$executeSubcommandWithMessages$5(SubcommandCommon.java:803)
                      com.semmle.cli2.picocli.SubcommandCommon.withCompilationMessages(SubcommandCommon.java:442)
                      com.semmle.cli2.picocli.SubcommandCommon.executeSubcommandWithMessages(SubcommandCommon.java:801)
                      com.semmle.cli2.picocli.PlumbingRunner.run(PlumbingRunner.java:119)
                      com.semmle.cli2.picocli.SubcommandCommon.runPlumbingInProcess(SubcommandCommon.java:199)
                      com.semmle.cli2.database.CreateCommand.executeSubcommand(CreateCommand.java:180)
                      com.semmle.cli2.picocli.SubcommandCommon.lambda$executeSubcommandWithMessages$5(SubcommandCommon.java:803)
                      com.semmle.cli2.picocli.SubcommandCommon.withCompilationMessages(SubcommandCommon.java:442)
                      com.semmle.cli2.picocli.SubcommandCommon.executeSubcommandWithMessages(SubcommandCommon.java:801)
                      com.semmle.cli2.picocli.SubcommandCommon.toplevelMain(SubcommandCommon.java:685)
                      com.semmle.cli2.picocli.SubcommandCommon.call(SubcommandCommon.java:666)
                      com.semmle.cli2.picocli.SubcommandMaker.runMain(SubcommandMaker.java:237)
                      com.semmle.cli2.picocli.SubcommandMaker.runMain(SubcommandMaker.java:247)
                      com.semmle.cli2.CodeQL.main(CodeQL.java:115)
